Using pre-set license
Built from '2020.3/staging' branch; Version is '2020.3.38f1 (8f5fde82e2dc) revision 9396190'; Using compiler version '192528614'; Build Type 'Release'
OS: 'Windows 10  (10.0.19044) 64bit Professional' Language: 'fi' Physical Memory: 7887 MB
BatchMode: 1, IsHumanControllingUs: 0, StartBugReporterOnCrash: 0, Is64bit: 1, IsPro: 0

COMMAND LINE ARGUMENTS:
C:\Program Files\Unity\Hub\Editor\2020.3.38f1\Editor\Unity.exe
-adb2
-batchMode
-noUpm
-name
AssetImportWorker0
-projectPath
C:/Users/Krista/Documents/Turku AMK/Vuosi_2/AR_connected
-logFile
Logs/AssetImportWorker0.log
-srvPort
59769
Successfully changed project path to: C:/Users/Krista/Documents/Turku AMK/Vuosi_2/AR_connected
C:/Users/Krista/Documents/Turku AMK/Vuosi_2/AR_connected
Using Asset Import Pipeline V2.
Refreshing native plugins compatible for Editor in 115.69 ms, found 3 plugins.
Preloading 0 native plugins for Editor in 0.00 ms.
Initialize engine version: 2020.3.38f1 (8f5fde82e2dc)
[Subsystems] Discovering subsystems at path C:/Program Files/Unity/Hub/Editor/2020.3.38f1/Editor/Data/Resources/UnitySubsystems
[Subsystems] Discovering subsystems at path C:/Users/Krista/Documents/Turku AMK/Vuosi_2/AR_connected/Assets
GfxDevice: creating device client; threaded=0
Direct3D:
    Version:  Direct3D 11.0 [level 11.0]
    Renderer: Intel(R) HD Graphics 4000 (ID=0x166)
    Vendor:   
    VRAM:     128 MB
    Driver:   10.18.10.5161
Initialize mono
Mono path[0] = 'C:/Program Files/Unity/Hub/Editor/2020.3.38f1/Editor/Data/Managed'
Mono path[1] = 'C:/Program Files/Unity/Hub/Editor/2020.3.38f1/Editor/Data/MonoBleedingEdge/lib/mono/unityjit'
Mono config path = 'C:/Program Files/Unity/Hub/Editor/2020.3.38f1/Editor/Data/MonoBleedingEdge/etc'
Using monoOptions --debugger-agent=transport=dt_socket,embedding=1,server=y,suspend=n,address=127.0.0.1:56680
Begin MonoManager ReloadAssembly
Registering precompiled unity dll's ...
Register platform support module: C:/Program Files/Unity/Hub/Editor/2020.3.38f1/Editor/Data/PlaybackEngines/WindowsStandaloneSupport/UnityEditor.WindowsStandalone.Extensions.dll
Registered in 0.003441 seconds.
Native extension for WindowsStandalone target not found
Refreshing native plugins compatible for Editor in 83.90 ms, found 3 plugins.
Preloading 0 native plugins for Editor in 0.00 ms.
Mono: successfully reloaded assembly
- Completed reload, in  1.233 seconds
Domain Reload Profiling:
	ReloadAssembly (1236ms)
		BeginReloadAssembly (124ms)
			ExecutionOrderSort (0ms)
			DisableScriptedObjects (0ms)
			BackupInstance (0ms)
			ReleaseScriptingObjects (0ms)
			CreateAndSetChildDomain (1ms)
		EndReloadAssembly (881ms)
			LoadAssemblies (120ms)
			RebuildTransferFunctionScriptingTraits (0ms)
			SetupTypeCache (265ms)
			ReleaseScriptCaches (0ms)
			RebuildScriptCaches (57ms)
			SetupLoadedEditorAssemblies (311ms)
				LogAssemblyErrors (0ms)
				InitializePlatformSupportModulesInManaged (7ms)
				SetLoadedEditorAssemblies (0ms)
				RefreshPlugins (84ms)
				BeforeProcessingInitializeOnLoad (28ms)
				ProcessInitializeOnLoadAttributes (145ms)
				ProcessInitializeOnLoadMethodAttributes (46ms)
				AfterProcessingInitializeOnLoad (0ms)
				EditorAssembliesLoaded (0ms)
			ExecutionOrderSort2 (0ms)
			AwakeInstancesAfterBackupRestoration (0ms)
Platform modules already initialized, skipping
Registering precompiled user dll's ...
Registered in 0.005180 seconds.
Begin MonoManager ReloadAssembly
Native extension for WindowsStandalone target not found
Refreshing native plugins compatible for Editor in 79.29 ms, found 3 plugins.
Preloading 0 native plugins for Editor in 0.00 ms.
Mono: successfully reloaded assembly
- Completed reload, in  2.117 seconds
Domain Reload Profiling:
	ReloadAssembly (2119ms)
		BeginReloadAssembly (292ms)
			ExecutionOrderSort (0ms)
			DisableScriptedObjects (8ms)
			BackupInstance (0ms)
			ReleaseScriptingObjects (0ms)
			CreateAndSetChildDomain (36ms)
		EndReloadAssembly (1687ms)
			LoadAssemblies (218ms)
			RebuildTransferFunctionScriptingTraits (0ms)
			SetupTypeCache (557ms)
			ReleaseScriptCaches (1ms)
			RebuildScriptCaches (89ms)
			SetupLoadedEditorAssemblies (626ms)
				LogAssemblyErrors (0ms)
				InitializePlatformSupportModulesInManaged (5ms)
				SetLoadedEditorAssemblies (0ms)
				RefreshPlugins (79ms)
				BeforeProcessingInitializeOnLoad (145ms)
				ProcessInitializeOnLoadAttributes (344ms)
				ProcessInitializeOnLoadMethodAttributes (38ms)
				AfterProcessingInitializeOnLoad (13ms)
				EditorAssembliesLoaded (0ms)
			ExecutionOrderSort2 (0ms)
			AwakeInstancesAfterBackupRestoration (3ms)
Platform modules already initialized, skipping
========================================================================
Worker process is ready to serve import requests
Launched and connected shader compiler UnityShaderCompiler.exe after 0.18 seconds
Refreshing native plugins compatible for Editor in 1.98 ms, found 3 plugins.
Preloading 0 native plugins for Editor in 0.00 ms.
Unloading 2242 Unused Serialized files (Serialized files now loaded: 0)
System memory in use before: 100.0 MB.
System memory in use after: 100.1 MB.

Unloading 25 unused Assets to reduce memory usage. Loaded Objects now: 2684.
Total: 58.436200 ms (FindLiveObjects: 1.496400 ms CreateObjectMapping: 1.082300 ms MarkObjects: 55.675000 ms  DeleteObjects: 0.179000 ms)

AssetImportParameters requested are different than current active one (requested -> active):
  custom:framework-win-MediaFoundation: 216162199b28c13a410421893ffa2e32 -> 
  custom:video-decoder-ogg-theora: a1e56fd34408186e4bbccfd4996cb3dc -> 
  custom:container-muxer-webm: aa71ff27fc2769a1b78a27578f13a17b -> 
  custom:container-demuxer-webm: 4f35f7cbe854078d1ac9338744f61a02 -> 
  custom:container-demuxer-ogg: 62fdf1f143b41e24485cea50d1cbac27 -> 
  custom:video-encoder-webm-vp8: eb34c28f22e8b96e1ab97ce403110664 -> 
  custom:video-decoder-webm-vp8: 9c59270c3fd7afecdb556c50c9e8de78 -> 
  custom:audio-decoder-ogg-vorbis: bf7c407c2cedff20999df2af8eb42d56 -> 
  custom:audio-encoder-webm-vorbis: bf7c407c2cedff20999df2af8eb42d56 -> 
========================================================================
Received Import Request.
  path: Assets/Image_Assets/alien_ja_luut.png
  artifactKey: Guid(f5a8f81d56f04a04ea488bf75dd2a2ec) Importer(815301076,1909f56bfc062723c751e8b465ee728b)
Start importing Assets/Image_Assets/alien_ja_luut.png using Guid(f5a8f81d56f04a04ea488bf75dd2a2ec) Importer(815301076,1909f56bfc062723c751e8b465ee728b)  -> (artifact id: 'b38a0be564ebb8ed591f93e9fb54e74f') in 0.242554 seconds 
========================================================================
Received Import Request.
  Time since last request: 63.359316 seconds.
  path: Assets/Image_Assets/alien_ja_luut.png
  artifactKey: Guid(f5a8f81d56f04a04ea488bf75dd2a2ec) Importer(815301076,1909f56bfc062723c751e8b465ee728b)
Start importing Assets/Image_Assets/alien_ja_luut.png using Guid(f5a8f81d56f04a04ea488bf75dd2a2ec) Importer(815301076,1909f56bfc062723c751e8b465ee728b)  -> (artifact id: '77229d8dff4b0783cf0b44e9605737dd') in 0.039386 seconds 
========================================================================
Received Import Request.
  Time since last request: 41.390763 seconds.
  path: Assets/Image_Assets/sandSkullBackground.png
  artifactKey: Guid(a80f2d0036ed72a4ba40d90695d0b745) Importer(815301076,1909f56bfc062723c751e8b465ee728b)
Start importing Assets/Image_Assets/sandSkullBackground.png using Guid(a80f2d0036ed72a4ba40d90695d0b745) Importer(815301076,1909f56bfc062723c751e8b465ee728b)  -> (artifact id: '24b89124d329828d9d439460988d8c9b') in 0.066953 seconds 
========================================================================
Received Import Request.
  Time since last request: 289.754355 seconds.
  path: Assets/Image_Assets/sandSkullBackground.png
  artifactKey: Guid(a80f2d0036ed72a4ba40d90695d0b745) Importer(815301076,1909f56bfc062723c751e8b465ee728b)
Start importing Assets/Image_Assets/sandSkullBackground.png using Guid(a80f2d0036ed72a4ba40d90695d0b745) Importer(815301076,1909f56bfc062723c751e8b465ee728b)  -> (artifact id: 'ef70533dc40b8e90930d9bdf374e6d85') in 0.230215 seconds 
========================================================================
Received Import Request.
  Time since last request: 39.682911 seconds.
  path: Assets/Image_Assets/sandSkullBackground.png
  artifactKey: Guid(a80f2d0036ed72a4ba40d90695d0b745) Importer(815301076,1909f56bfc062723c751e8b465ee728b)
Start importing Assets/Image_Assets/sandSkullBackground.png using Guid(a80f2d0036ed72a4ba40d90695d0b745) Importer(815301076,1909f56bfc062723c751e8b465ee728b)  -> (artifact id: '7db389410aa4a322d1ca4f11956e0094') in 0.020387 seconds 
========================================================================
Received Import Request.
  Time since last request: 21.554290 seconds.
  path: Assets/Image_Assets/sandSkullBackground.png
  artifactKey: Guid(a80f2d0036ed72a4ba40d90695d0b745) Importer(815301076,1909f56bfc062723c751e8b465ee728b)
Start importing Assets/Image_Assets/sandSkullBackground.png using Guid(a80f2d0036ed72a4ba40d90695d0b745) Importer(815301076,1909f56bfc062723c751e8b465ee728b)  -> (artifact id: '2289dbec6109a5eddaa4ddeb61e6c095') in 0.047034 seconds 
========================================================================
Received Import Request.
  Time since last request: 183.581090 seconds.
  path: Assets/Image_Assets/alien_ja_luut.png
  artifactKey: Guid(f5a8f81d56f04a04ea488bf75dd2a2ec) Importer(815301076,1909f56bfc062723c751e8b465ee728b)
Start importing Assets/Image_Assets/alien_ja_luut.png using Guid(f5a8f81d56f04a04ea488bf75dd2a2ec) Importer(815301076,1909f56bfc062723c751e8b465ee728b)  -> (artifact id: 'fcee5668782affb4c1d3ea632320ed31') in 0.072757 seconds 
========================================================================
Received Import Request.
  Time since last request: 59.177604 seconds.
  path: Assets/Image_Assets/alien_ja_luut.png
  artifactKey: Guid(f5a8f81d56f04a04ea488bf75dd2a2ec) Importer(815301076,1909f56bfc062723c751e8b465ee728b)
Start importing Assets/Image_Assets/alien_ja_luut.png using Guid(f5a8f81d56f04a04ea488bf75dd2a2ec) Importer(815301076,1909f56bfc062723c751e8b465ee728b)  -> (artifact id: '45364803ce48d96805c856f12f2dc857') in 0.108478 seconds 
========================================================================
Received Import Request.
  Time since last request: 6.532066 seconds.
  path: Assets/Image_Assets/alien_ja_luut.png
  artifactKey: Guid(f5a8f81d56f04a04ea488bf75dd2a2ec) Importer(815301076,1909f56bfc062723c751e8b465ee728b)
Start importing Assets/Image_Assets/alien_ja_luut.png using Guid(f5a8f81d56f04a04ea488bf75dd2a2ec) Importer(815301076,1909f56bfc062723c751e8b465ee728b)  -> (artifact id: '82c5e81e572a83ed3eac761de38cb6e3') in 0.100988 seconds 
========================================================================
Received Import Request.
  Time since last request: 544.750932 seconds.
  path: Assets/Image_Assets/alien_ja_luut.png
  artifactKey: Guid(f5a8f81d56f04a04ea488bf75dd2a2ec) Importer(815301076,1909f56bfc062723c751e8b465ee728b)
Start importing Assets/Image_Assets/alien_ja_luut.png using Guid(f5a8f81d56f04a04ea488bf75dd2a2ec) Importer(815301076,1909f56bfc062723c751e8b465ee728b)  -> (artifact id: '35594d069915903bbe586b00a172015c') in 0.034921 seconds 
========================================================================
Received Import Request.
  Time since last request: 7.361127 seconds.
  path: Assets/Image_Assets/alien_ja_luut.png
  artifactKey: Guid(f5a8f81d56f04a04ea488bf75dd2a2ec) Importer(815301076,1909f56bfc062723c751e8b465ee728b)
Start importing Assets/Image_Assets/alien_ja_luut.png using Guid(f5a8f81d56f04a04ea488bf75dd2a2ec) Importer(815301076,1909f56bfc062723c751e8b465ee728b)  -> (artifact id: 'fdaa2e7339ea79ec1dc42e0f24407668') in 0.034877 seconds 
========================================================================
Received Import Request.
  Time since last request: 12.159556 seconds.
  path: Assets/Image_Assets/alien_ja_luut.png
  artifactKey: Guid(f5a8f81d56f04a04ea488bf75dd2a2ec) Importer(815301076,1909f56bfc062723c751e8b465ee728b)
Start importing Assets/Image_Assets/alien_ja_luut.png using Guid(f5a8f81d56f04a04ea488bf75dd2a2ec) Importer(815301076,1909f56bfc062723c751e8b465ee728b)  -> (artifact id: '9fdd620108a40ac8180de614262a1021') in 0.062157 seconds 
========================================================================
Received Prepare
Registering precompiled user dll's ...
Registered in 0.007037 seconds.
Begin MonoManager ReloadAssembly
Native extension for WindowsStandalone target not found
Refreshing native plugins compatible for Editor in 0.70 ms, found 3 plugins.
Preloading 0 native plugins for Editor in 0.00 ms.
Mono: successfully reloaded assembly
- Completed reload, in  2.455 seconds
Domain Reload Profiling:
	ReloadAssembly (2456ms)
		BeginReloadAssembly (345ms)
			ExecutionOrderSort (0ms)
			DisableScriptedObjects (13ms)
			BackupInstance (0ms)
			ReleaseScriptingObjects (0ms)
			CreateAndSetChildDomain (74ms)
		EndReloadAssembly (1960ms)
			LoadAssemblies (261ms)
			RebuildTransferFunctionScriptingTraits (0ms)
			SetupTypeCache (811ms)
			ReleaseScriptCaches (2ms)
			RebuildScriptCaches (86ms)
			SetupLoadedEditorAssemblies (665ms)
				LogAssemblyErrors (0ms)
				InitializePlatformSupportModulesInManaged (10ms)
				SetLoadedEditorAssemblies (1ms)
				RefreshPlugins (1ms)
				BeforeProcessingInitializeOnLoad (165ms)
				ProcessInitializeOnLoadAttributes (437ms)
				ProcessInitializeOnLoadMethodAttributes (36ms)
				AfterProcessingInitializeOnLoad (15ms)
				EditorAssembliesLoaded (0ms)
			ExecutionOrderSort2 (0ms)
			AwakeInstancesAfterBackupRestoration (12ms)
Platform modules already initialized, skipping
Refreshing native plugins compatible for Editor in 1.09 ms, found 3 plugins.
Preloading 0 native plugins for Editor in 0.01 ms.
Unloading 2218 Unused Serialized files (Serialized files now loaded: 0)
System memory in use before: 101.1 MB.
System memory in use after: 101.2 MB.

Unloading 14 unused Assets to reduce memory usage. Loaded Objects now: 2698.
Total: 4.253600 ms (FindLiveObjects: 0.277600 ms CreateObjectMapping: 0.130500 ms MarkObjects: 3.810000 ms  DeleteObjects: 0.033400 ms)

AssetImportParameters requested are different than current active one (requested -> active):
  custom:framework-win-MediaFoundation: 216162199b28c13a410421893ffa2e32 -> 
  custom:video-decoder-ogg-theora: a1e56fd34408186e4bbccfd4996cb3dc -> 
  custom:container-muxer-webm: aa71ff27fc2769a1b78a27578f13a17b -> 
  custom:container-demuxer-webm: 4f35f7cbe854078d1ac9338744f61a02 -> 
  custom:container-demuxer-ogg: 62fdf1f143b41e24485cea50d1cbac27 -> 
  custom:video-encoder-webm-vp8: eb34c28f22e8b96e1ab97ce403110664 -> 
  custom:video-decoder-webm-vp8: 9c59270c3fd7afecdb556c50c9e8de78 -> 
  custom:audio-decoder-ogg-vorbis: bf7c407c2cedff20999df2af8eb42d56 -> 
  custom:audio-encoder-webm-vorbis: bf7c407c2cedff20999df2af8eb42d56 -> 
AssetImportWorkerClient::OnTransportError - code=2 error=End of file
